
/home/runner/work/exp-vortex-flow-iitb/exp-vortex-flow-iitb/experiment/simulation/common_libraries/js/ts_components/collapse_step.js
   1:10  warning  'show_step' is defined but never used                 no-unused-vars
   2:5   warning  '$' is not defined                                    no-undef
   3:9   warning  '$' is not defined                                    no-undef
   6:10  warning  'hide_step' is defined but never used                 no-unused-vars
   7:5   warning  '$' is not defined                                    no-undef
   8:9   warning  '$' is not defined                                    no-undef
  11:10  warning  'get_collapse_btn_text' is defined but never used     no-unused-vars
  20:10  warning  'get_collapse_btn_element' is defined but never used  no-unused-vars
  29:10  warning  'hide_all_steps' is defined but never used            no-unused-vars
  31:9   warning  '$' is not defined                                    no-undef

/home/runner/work/exp-vortex-flow-iitb/exp-vortex-flow-iitb/experiment/simulation/common_libraries/js/ts_components/matrix.js
   27:26  warning  'MathJax' is not defined                                no-undef
   32:7   warning  'Matrix_Without_String' is defined but never used       no-unused-vars
   52:26  warning  'MathJax' is not defined                                no-undef
   56:10  warning  'get_matrix_html' is defined but never used             no-unused-vars
   87:13  warning  'row_html' is assigned a value but never used           no-unused-vars
   99:10  warning  'get_matrix_html_with_title' is defined but never used  no-unused-vars
  131:13  warning  'row_html' is assigned a value but never used           no-unused-vars
  143:10  warning  'convert_2d_to_1d_vector' is defined but never used     no-unused-vars
  156:10  warning  'convert_1d_to_2d_matrix' is defined but never used     no-unused-vars

/home/runner/work/exp-vortex-flow-iitb/exp-vortex-flow-iitb/experiment/simulation/common_libraries/js/ts_components/pannel.js
  8:7  warning  'Pannel' is defined but never used  no-unused-vars

/home/runner/work/exp-vortex-flow-iitb/exp-vortex-flow-iitb/experiment/simulation/common_libraries/js/ts_components/questions.js
   6:17  warning  'op1' is assigned a value but never used      no-unused-vars
   7:17  warning  'op2' is assigned a value but never used      no-unused-vars
   8:17  warning  'op3' is assigned a value but never used      no-unused-vars
   9:17  warning  'op4' is assigned a value but never used      no-unused-vars
  94:7   warning  'Question_Options' is defined but never used  no-unused-vars

/home/runner/work/exp-vortex-flow-iitb/exp-vortex-flow-iitb/experiment/simulation/common_libraries/js/ts_components/tables.js
   19:22  warning  'verify_values' is not defined                                     no-undef
  137:22  warning  'verify_values' is not defined                                     no-undef
  260:7   warning  'Verify_Rows_Cols_6_decimal_places' is defined but never used      no-unused-vars
  311:22  warning  'verify_values' is not defined                                     no-undef
  416:7   warning  'Verify_Rows_Cols_Custom_Fixed_Update1' is defined but never used  no-unused-vars
  468:7   warning  'Show_Table_Custom_Fixed' is defined but never used                no-unused-vars
  506:7   warning  'Verify_Rows_Cols_Strings' is defined but never used               no-unused-vars
  527:22  warning  'verify_values' is not defined                                     no-undef
  663:7   warning  'Display_Table' is defined but never used                          no-unused-vars

/home/runner/work/exp-vortex-flow-iitb/exp-vortex-flow-iitb/experiment/simulation/common_libraries/js/ts_math_library/general_math_functions.js
    1:10  warning  'verify_values' is defined but never used                   no-unused-vars
   17:10  warning  'random1' is defined but never used                         no-unused-vars
   21:10  warning  'std_deviation' is defined but never used                   no-unused-vars
   26:10  warning  'gauss' is defined but never used                           no-unused-vars
   56:10  warning  'hide_panel' is defined but never used                      no-unused-vars
   63:10  warning  'inverse_matrix' is defined but never used                  no-unused-vars
   96:10  warning  'matrix_multiplication' is defined but never used           no-unused-vars
  113:10  warning  'transpose_matrix' is defined but never used                no-unused-vars
  123:10  warning  'matrix_multiplication_8decimal' is defined but never used  no-unused-vars
  140:10  warning  'adjoint_2x2_matrix' is defined but never used              no-unused-vars
  145:10  warning  'find_deteminant' is defined but never used                 no-unused-vars
  174:10  warning  'get_Submatrix' is defined but never used                   no-unused-vars

/home/runner/work/exp-vortex-flow-iitb/exp-vortex-flow-iitb/experiment/simulation/common_libraries/js/ts_math_library/regression.js
   1:10  warning  'regression_linear' is defined but never used            no-unused-vars
  18:10  warning  'regression_linear_1variable' is defined but never used  no-unused-vars
  27:10  warning  'regression_linear_2variable' is defined but never used  no-unused-vars
  52:11  warning  'gauss' is not defined                                   no-undef

/home/runner/work/exp-vortex-flow-iitb/exp-vortex-flow-iitb/experiment/simulation/common_libraries/math.ob.js
  1:745  warning  'b' is already defined  no-redeclare

/home/runner/work/exp-vortex-flow-iitb/exp-vortex-flow-iitb/experiment/simulation/js/activity1.js
   19:24   warning  'MathJax' is not defined                no-undef
   22:10   warning  'start_act1' is defined but never used  no-unused-vars
   27:20   warning  'get_collapse_btn_text' is not defined  no-undef
   32:108  warning  'height' is not defined                 no-undef
   70:5    warning  'hide_all_steps' is not defined         no-undef
   71:24   warning  'show_step' is not defined              no-undef
   72:24   warning  'MathJax' is not defined                no-undef
   76:5    warning  'radius' is not defined                 no-undef
   76:14   warning  'diameter' is not defined               no-undef
   77:5    warning  'omega' is not defined                  no-undef
   77:28   warning  'N' is not defined                      no-undef
   78:5    warning  'depth' is not defined                  no-undef
   78:24   warning  'omega' is not defined                  no-undef
   78:47   warning  'radius' is not defined                 no-undef
   78:67   warning  'g' is not defined                      no-undef
   80:10   warning  'verify0' is defined but never used     no-unused-vars
   82:30   warning  'radius' is not defined                 no-undef
   82:52   warning  'omega' is not defined                  no-undef
   82:73   warning  'depth' is not defined                  no-undef
   89:10   warning  'verify_values' is not defined          no-undef
   89:48   warning  'radius' is not defined                 no-undef
   93:10   warning  'verify_values' is not defined          no-undef
   93:48   warning  'omega' is not defined                  no-undef
   97:10   warning  'verify_values' is not defined          no-undef
   97:48   warning  'depth' is not defined                  no-undef
  103:25   warning  'radius' is not defined                 no-undef
  105:25   warning  'omega' is not defined                  no-undef
  107:25   warning  'depth' is not defined                  no-undef
  110:5    warning  'activity2' is not defined              no-undef

/home/runner/work/exp-vortex-flow-iitb/exp-vortex-flow-iitb/experiment/simulation/js/activity2.js
    1:10  warning  'activity2' is defined but never used   no-unused-vars
   16:5   warning  'maindiv' is not defined                no-undef
   17:24  warning  'MathJax' is not defined                no-undef
   20:10  warning  'start_act2' is defined but never used  no-unused-vars
   25:20  warning  'get_collapse_btn_text' is not defined  no-undef
   61:5   warning  'maindiv' is not defined                no-undef
   63:24  warning  'show_step' is not defined              no-undef
   64:24  warning  'MathJax' is not defined                no-undef
   67:5   warning  'a2_z' is not defined                   no-undef
   67:19  warning  'height' is not defined                 no-undef
   68:5   warning  'a2_omega' is not defined               no-undef
   68:30  warning  'g' is not defined                      no-undef
   68:34  warning  'a2_z' is not defined                   no-undef
   68:42  warning  'radius' is not defined                 no-undef
   69:5   warning  'a2_N' is not defined                   no-undef
   69:18  warning  'a2_omega' is not defined               no-undef
   71:10  warning  'verify3' is defined but never used     no-unused-vars
   73:24  warning  'a2_z' is not defined                   no-undef
   73:43  warning  'a2_omega' is not defined               no-undef
   73:62  warning  'a2_N' is not defined                   no-undef
   80:10  warning  'verify_values' is not defined          no-undef
   80:47  warning  'a2_z' is not defined                   no-undef
   84:10  warning  'verify_values' is not defined          no-undef
   84:48  warning  'a2_omega' is not defined               no-undef
   88:10  warning  'verify_values' is not defined          no-undef
   88:48  warning  'a2_N' is not defined                   no-undef
   95:23  warning  'a2_z' is not defined                   no-undef
   97:24  warning  'a2_omega' is not defined               no-undef
   99:24  warning  'a2_N' is not defined                   no-undef
  100:5   warning  'activity3' is not defined              no-undef

/home/runner/work/exp-vortex-flow-iitb/exp-vortex-flow-iitb/experiment/simulation/js/activity3.js
    1:10   warning  'activity3' is defined but never used   no-unused-vars
   16:5    warning  'maindiv' is not defined                no-undef
   17:24   warning  'MathJax' is not defined                no-undef
   19:10   warning  'start_act3' is defined but never used  no-unused-vars
   24:5    warning  'a3_N' is not defined                   no-undef
   24:29   warning  'a2_N' is not defined                   no-undef
   25:20   warning  'get_collapse_btn_text' is not defined  no-undef
   30:108  warning  'height' is not defined                 no-undef
   30:150  warning  'a3_N' is not defined                   no-undef
   60:5    warning  'maindiv' is not defined                no-undef
   62:24   warning  'show_step' is not defined              no-undef
   63:24   warning  'MathJax' is not defined                no-undef
   66:5    warning  'a3_omega' is not defined               no-undef
   66:30   warning  'a3_N' is not defined                   no-undef
   67:5    warning  'a3_z' is not defined                   no-undef
   67:23   warning  'a3_omega' is not defined               no-undef
   67:49   warning  'radius' is not defined                 no-undef
   67:69   warning  'g' is not defined                      no-undef
   68:5    warning  'a3_volume' is not defined              no-undef
   68:43   warning  'diameter' is not defined               no-undef
   68:60   warning  'a3_z' is not defined                   no-undef
   70:10   warning  'verify4' is defined but never used     no-unused-vars
   72:28   warning  'a3_omega' is not defined               no-undef
   72:47   warning  'a3_z' is not defined                   no-undef
   72:67   warning  'a3_volume' is not defined              no-undef
   72:92   warning  'a3_volume' is not defined              no-undef
   81:10   warning  'verify_values' is not defined          no-undef
   81:47   warning  'a3_omega' is not defined               no-undef
   85:10   warning  'verify_values' is not defined          no-undef
   85:48   warning  'a3_z' is not defined                   no-undef
   89:10   warning  'verify_values' is not defined          no-undef
   89:48   warning  'a3_volume' is not defined              no-undef
   93:10   warning  'verify_values' is not defined          no-undef
   93:48   warning  'a3_volume' is not defined              no-undef
  100:23   warning  'a3_omega' is not defined               no-undef
  102:24   warning  'a3_z' is not defined                   no-undef
  104:24   warning  'a3_volume' is not defined              no-undef
  106:24   warning  'a3_volume' is not defined              no-undef

/home/runner/work/exp-vortex-flow-iitb/exp-vortex-flow-iitb/experiment/simulation/js/data.js
   2:5  warning  'height' is assigned a value but never used     no-unused-vars
   3:5  warning  'diameter' is assigned a value but never used   no-unused-vars
   4:5  warning  'radius' is assigned a value but never used     no-unused-vars
   5:5  warning  'N' is assigned a value but never used          no-unused-vars
   6:5  warning  'g' is assigned a value but never used          no-unused-vars
   7:5  warning  'omega' is assigned a value but never used      no-unused-vars
   8:5  warning  'depth' is assigned a value but never used      no-unused-vars
  10:5  warning  'a2_z' is assigned a value but never used       no-unused-vars
  11:5  warning  'a2_omega' is assigned a value but never used   no-unused-vars
  12:5  warning  'a2_N' is assigned a value but never used       no-unused-vars
  14:5  warning  'a3_N' is assigned a value but never used       no-unused-vars
  15:5  warning  'a3_omega' is assigned a value but never used   no-unused-vars
  16:5  warning  'a3_z' is assigned a value but never used       no-unused-vars
  17:5  warning  'a3_volume' is assigned a value but never used  no-unused-vars

/home/runner/work/exp-vortex-flow-iitb/exp-vortex-flow-iitb/experiment/simulation/js/gauss_ele.js
  42:10  warning  'gauss_ele' is defined but never used  no-unused-vars

/home/runner/work/exp-vortex-flow-iitb/exp-vortex-flow-iitb/experiment/simulation/js/screen_size.js
  1:10  warning  'set_screen_size' is defined but never used  no-unused-vars

/home/runner/work/exp-vortex-flow-iitb/exp-vortex-flow-iitb/experiment/simulation/js/trap.js
   4:10  warning  'generate_data' is defined but never used  no-unused-vars
  13:10  warning  'trap' is defined but never used           no-unused-vars
  21:10  warning  'sim1by3' is defined but never used        no-unused-vars
  29:10  warning  'sim3by8' is defined but never used        no-unused-vars

✖ 168 problems (0 errors, 168 warnings)

